--------------------------------------------------------------------------------
Release 14.7 Trace  (lin64)
Copyright (c) 1995-2013 Xilinx, Inc.  All rights reserved.

/home/dudu/Xilinx ISE/14.7/ISE_DS/ISE/bin/lin64/unwrapped/trce -intstyle ise -v
3 -s 3 -n 3 -fastpaths -xml labkit.twx labkit.ncd -o labkit.twr labkit.pcf

Design file:              labkit.ncd
Physical constraint file: labkit.pcf
Device,package,speed:     xc6slx16,csg324,C,-3 (PRODUCTION 1.23 2013-10-13)
Report level:             verbose report

Environment Variable      Effect 
--------------------      ------ 
NONE                      No environment variables were set
--------------------------------------------------------------------------------

INFO:Timing:2698 - No timing constraints found, doing default enumeration.
INFO:Timing:3412 - To improve timing, see the Timing Closure User Guide (UG612).
INFO:Timing:2752 - To get complete path coverage, use the unconstrained paths 
   option. All paths that are not constrained will be reported in the 
   unconstrained paths section(s) of the report.
INFO:Timing:3339 - The clock-to-out numbers in this timing report are based on 
   a 50 Ohm transmission line loading model.  For the details of this model, 
   and for more information on accounting for different loading conditions, 
   please see the device datasheet.



Data Sheet report:
-----------------
All values displayed in nanoseconds (ns)

Setup/Hold to clock clk_100mhz
------------+------------+------------+------------+------------+------------------+--------+
            |Max Setup to|  Process   |Max Hold to |  Process   |                  | Clock  |
Source      | clk (edge) |   Corner   | clk (edge) |   Corner   |Internal Clock(s) | Phase  |
------------+------------+------------+------------+------------+------------------+--------+
btn_down    |    4.995(R)|      SLOW  |   -1.531(R)|      FAST  |clk_65mhz_BUFG    |   0.000|
btn_enter   |    6.916(R)|      SLOW  |   -2.143(R)|      FAST  |clk_65mhz_BUFG    |   0.000|
btn_up      |    6.547(R)|      SLOW  |   -2.096(R)|      FAST  |clk_65mhz_BUFG    |   0.000|
switch<0>   |    5.050(R)|      SLOW  |   -1.618(R)|      FAST  |clk_65mhz_BUFG    |   0.000|
switch<1>   |    5.279(R)|      SLOW  |   -1.715(R)|      FAST  |clk_65mhz_BUFG    |   0.000|
switch<4>   |    7.390(R)|      SLOW  |   -2.763(R)|      FAST  |clk_65mhz_BUFG    |   0.000|
switch<5>   |    7.118(R)|      SLOW  |   -2.604(R)|      FAST  |clk_65mhz_BUFG    |   0.000|
switch<6>   |    6.987(R)|      SLOW  |   -2.516(R)|      FAST  |clk_65mhz_BUFG    |   0.000|
switch<7>   |    8.154(R)|      SLOW  |   -3.278(R)|      FAST  |clk_65mhz_BUFG    |   0.000|
------------+------------+------------+------------+------------+------------------+--------+

Clock clk_100mhz to Pad
------------+-----------------+------------+-----------------+------------+------------------+--------+
            |Max (slowest) clk|  Process   |Min (fastest) clk|  Process   |                  | Clock  |
Destination |  (edge) to PAD  |   Corner   |  (edge) to PAD  |   Corner   |Internal Clock(s) | Phase  |
------------+-----------------+------------+-----------------+------------+------------------+--------+
dig<0>      |         5.890(R)|      SLOW  |         3.785(R)|      FAST  |clk_65mhz_BUFG    |   0.000|
dig<1>      |         5.684(R)|      SLOW  |         3.664(R)|      FAST  |clk_65mhz_BUFG    |   0.000|
dig<2>      |         5.730(R)|      SLOW  |         3.689(R)|      FAST  |clk_65mhz_BUFG    |   0.000|
dig<3>      |         5.679(R)|      SLOW  |         3.674(R)|      FAST  |clk_65mhz_BUFG    |   0.000|
hsync       |         7.075(R)|      SLOW  |         4.599(R)|      FAST  |clk_65mhz_BUFG    |   0.000|
seg<0>      |         6.349(R)|      SLOW  |         4.091(R)|      FAST  |clk_65mhz_BUFG    |   0.000|
seg<1>      |         6.435(R)|      SLOW  |         4.145(R)|      FAST  |clk_65mhz_BUFG    |   0.000|
seg<2>      |         6.392(R)|      SLOW  |         4.122(R)|      FAST  |clk_65mhz_BUFG    |   0.000|
seg<3>      |         6.411(R)|      SLOW  |         4.154(R)|      FAST  |clk_65mhz_BUFG    |   0.000|
seg<4>      |         6.453(R)|      SLOW  |         4.168(R)|      FAST  |clk_65mhz_BUFG    |   0.000|
seg<5>      |         6.226(R)|      SLOW  |         4.022(R)|      FAST  |clk_65mhz_BUFG    |   0.000|
seg<6>      |         6.644(R)|      SLOW  |         4.283(R)|      FAST  |clk_65mhz_BUFG    |   0.000|
vgablue<1>  |         8.378(R)|      SLOW  |         4.928(R)|      FAST  |clk_65mhz_BUFG    |   0.000|
vgablue<2>  |         8.105(R)|      SLOW  |         4.757(R)|      FAST  |clk_65mhz_BUFG    |   0.000|
vgagreen<0> |         7.932(R)|      SLOW  |         4.965(R)|      FAST  |clk_65mhz_BUFG    |   0.000|
vgagreen<1> |         7.963(R)|      SLOW  |         5.004(R)|      FAST  |clk_65mhz_BUFG    |   0.000|
vgagreen<2> |         8.130(R)|      SLOW  |         5.133(R)|      FAST  |clk_65mhz_BUFG    |   0.000|
vgared<0>   |         8.604(R)|      SLOW  |         5.462(R)|      FAST  |clk_65mhz_BUFG    |   0.000|
vgared<1>   |         8.596(R)|      SLOW  |         5.454(R)|      FAST  |clk_65mhz_BUFG    |   0.000|
vgared<2>   |         8.761(R)|      SLOW  |         5.543(R)|      FAST  |clk_65mhz_BUFG    |   0.000|
vsync       |         7.424(R)|      SLOW  |         4.823(R)|      FAST  |clk_65mhz_BUFG    |   0.000|
------------+-----------------+------------+-----------------+------------+------------------+--------+

Clock to Setup on destination clock clk_100mhz
---------------+---------+---------+---------+---------+
               | Src:Rise| Src:Fall| Src:Rise| Src:Fall|
Source Clock   |Dest:Rise|Dest:Rise|Dest:Fall|Dest:Fall|
---------------+---------+---------+---------+---------+
clk_100mhz     |  233.563|         |         |         |
---------------+---------+---------+---------+---------+

Pad to Pad
---------------+---------------+---------+
Source Pad     |Destination Pad|  Delay  |
---------------+---------------+---------+
switch<0>      |led<0>         |    7.625|
switch<1>      |led<1>         |    7.796|
switch<2>      |led<2>         |    7.352|
switch<3>      |led<3>         |    7.338|
switch<4>      |led<4>         |    7.021|
switch<5>      |led<5>         |    6.940|
switch<6>      |led<6>         |    7.010|
switch<7>      |led<7>         |    7.506|
---------------+---------------+---------+


Analysis completed Tue Nov 28 13:04:25 2017 
--------------------------------------------------------------------------------

Trace Settings:
-------------------------
Trace Settings 

Peak Memory Usage: 400 MB



